Downloading: org/clojure/core.async/1.9.829-alpha2/core.async-1.9.829-alpha2.pom from central
Downloading: org/clojure/clojure/1.12.4/clojure-1.12.4.pom from central
Downloading: org/clojure/pom.contrib/1.3.0/pom.contrib-1.3.0.pom from central
Downloading: com/taoensso/nippy/3.6.0/nippy-3.6.0.pom from clojars
Downloading: org/babashka/sci/0.12.51/sci-0.12.51.pom from clojars
Downloading: org/clojure/spec.alpha/0.5.238/spec.alpha-0.5.238.pom from central
Downloading: org/clojure/core.specs.alpha/0.4.74/core.specs.alpha-0.4.74.pom from central
Downloading: org/clojure/pom.contrib/1.2.0/pom.contrib-1.2.0.pom from central
Downloading: borkdude/edamame/1.5.37/edamame-1.5.37.pom from clojars
Downloading: borkdude/graal.locking/0.0.2/graal.locking-0.0.2.pom from clojars
Downloading: org/babashka/sci.impl.types/0.0.2/sci.impl.types-0.0.2.pom from clojars
Downloading: org/clojure/tools.reader/1.5.2/tools.reader-1.5.2.pom from central
Downloading: org/clojure/tools.analyzer.jvm/1.3.2/tools.analyzer.jvm-1.3.2.pom from central
Downloading: com/taoensso/encore/3.148.0/encore-3.148.0.pom from clojars
Downloading: io/airlift/aircompressor/2.0.2/aircompressor-2.0.2.pom from central
Downloading: org/tukaani/xz/1.10/xz-1.10.pom from central
Downloading: io/airlift/airbase/112/airbase-112.pom from central
Downloading: org/clojure/core.memoize/1.1.266/core.memoize-1.1.266.pom from central
Downloading: org/ow2/asm/asm/9.2/asm-9.2.pom from central
Downloading: org/junit/junit-bom/5.8.0-M1/junit-bom-5.8.0-M1.pom from central
Downloading: com/taoensso/truss/2.1.1/truss-2.1.1.pom from clojars
Downloading: org/ow2/ow2/1.5/ow2-1.5.pom from central
Downloading: org/clojure/tools.analyzer/1.2.0/tools.analyzer-1.2.0.pom from central
Downloading: org/clojure/core.cache/1.1.234/core.cache-1.1.234.pom from central
Downloading: org/clojure/data.priority-map/1.2.0/data.priority-map-1.2.0.pom from central
Downloading: org/tukaani/xz/1.10/xz-1.10.jar from central
Downloading: org/clojure/clojure/1.12.4/clojure-1.12.4.jar from central
Downloading: org/clojure/core.specs.alpha/0.4.74/core.specs.alpha-0.4.74.jar from central
Downloading: org/clojure/spec.alpha/0.5.238/spec.alpha-0.5.238.jar from central
Downloading: com/taoensso/encore/3.148.0/encore-3.148.0.jar from clojars
Downloading: org/clojure/tools.analyzer.jvm/1.3.2/tools.analyzer.jvm-1.3.2.jar from central
Downloading: org/ow2/asm/asm/9.2/asm-9.2.jar from central
Downloading: borkdude/graal.locking/0.0.2/graal.locking-0.0.2.jar from clojars
Downloading: org/clojure/tools.analyzer/1.2.0/tools.analyzer-1.2.0.jar from central
Downloading: io/airlift/aircompressor/2.0.2/aircompressor-2.0.2.jar from central
Downloading: com/taoensso/truss/2.1.1/truss-2.1.1.jar from clojars
Downloading: borkdude/edamame/1.5.37/edamame-1.5.37.jar from clojars
Downloading: org/clojure/tools.reader/1.5.2/tools.reader-1.5.2.jar from central
Downloading: org/babashka/sci.impl.types/0.0.2/sci.impl.types-0.0.2.jar from clojars
Downloading: com/taoensso/nippy/3.6.0/nippy-3.6.0.jar from clojars
Downloading: org/clojure/core.memoize/1.1.266/core.memoize-1.1.266.jar from central
Downloading: org/babashka/sci/0.12.51/sci-0.12.51.jar from clojars
Downloading: org/clojure/data.priority-map/1.2.0/data.priority-map-1.2.0.jar from central
Downloading: org/clojure/core.async/1.9.829-alpha2/core.async-1.9.829-alpha2.jar from central
Downloading: org/clojure/core.cache/1.1.234/core.cache-1.1.234.jar from central
